[2018-05-09 10:56:02.784] [jointLog] [info] parsing read library format
[2018-05-09 10:56:02.784] [jointLog] [info] There is 1 library.
[2018-05-09 10:56:02.889] [jointLog] [info] Loading Quasi index
[2018-05-09 10:56:02.889] [jointLog] [info] Loading 32-bit quasi index
[2018-05-09 10:56:10.974] [jointLog] [info] done
[2018-05-09 10:56:10.974] [jointLog] [info] Index contained 58931 targets
[2018-05-09 11:11:04.545] [jointLog] [info] Computed 102769 rich equivalence classes for further processing
[2018-05-09 11:11:04.545] [jointLog] [info] Counted 36828103 total reads in the equivalence classes 
[2018-05-09 11:11:04.591] [jointLog] [info] Mapping rate = 70.0354%

[2018-05-09 11:11:04.591] [jointLog] [info] finished quantifyLibrary()
[2018-05-09 11:11:04.594] [jointLog] [info] Starting optimizer
[2018-05-09 11:11:04.545] [fileLog] [info] 
At end of round 0
==================
Observed 52584965 total fragments (52584965 in most recent round)

[2018-05-09 11:11:04.676] [jointLog] [info] Marked 1 weighted equivalence classes as degenerate
[2018-05-09 11:11:04.689] [jointLog] [info] iteration = 0 | max rel diff. = 4.20521
[2018-05-09 11:11:05.764] [jointLog] [info] iteration = 100 | max rel diff. = 0.0826657
[2018-05-09 11:11:06.854] [jointLog] [info] iteration = 200 | max rel diff. = 0.0529876
[2018-05-09 11:11:07.912] [jointLog] [info] iteration = 300 | max rel diff. = 0.0353907
[2018-05-09 11:11:08.973] [jointLog] [info] iteration = 400 | max rel diff. = 0.0287767
[2018-05-09 11:11:10.034] [jointLog] [info] iteration = 500 | max rel diff. = 0.0227385
[2018-05-09 11:11:11.096] [jointLog] [info] iteration = 600 | max rel diff. = 0.0185873
[2018-05-09 11:11:12.161] [jointLog] [info] iteration = 700 | max rel diff. = 0.0176581
[2018-05-09 11:11:13.225] [jointLog] [info] iteration = 800 | max rel diff. = 0.0133044
[2018-05-09 11:11:14.303] [jointLog] [info] iteration = 900 | max rel diff. = 0.0132881
[2018-05-09 11:11:15.399] [jointLog] [info] iteration = 1000 | max rel diff. = 0.0107261
[2018-05-09 11:11:16.499] [jointLog] [info] iteration = 1100 | max rel diff. = 0.01044
[2018-05-09 11:11:17.351] [jointLog] [info] iteration = 1181 | max rel diff. = 0.00972886
[2018-05-09 11:11:17.417] [jointLog] [info] Finished optimizer
[2018-05-09 11:11:17.417] [jointLog] [info] writing output 

[2018-05-09 11:11:17.602] [jointLog] [info] Starting Bootstrapping
[2018-05-09 11:11:17.637] [jointLog] [info] Will draw 100 bootstrap samples
[2018-05-09 11:11:17.637] [jointLog] [info] Optimizing over 102769 equivalence classes
[2018-05-09 11:11:17.652] [jointLog] [info] Marked 0 weighted equivalence classes as degenerate
[2018-05-09 11:11:42.886] [jointLog] [info] wrote 1 bootstraps
[2018-05-09 11:11:43.769] [jointLog] [info] wrote 2 bootstraps
[2018-05-09 11:11:44.067] [jointLog] [info] wrote 3 bootstraps
[2018-05-09 11:11:44.541] [jointLog] [info] wrote 4 bootstraps
[2018-05-09 11:11:44.613] [jointLog] [info] wrote 5 bootstraps
[2018-05-09 11:11:45.070] [jointLog] [info] wrote 6 bootstraps
[2018-05-09 11:11:45.289] [jointLog] [info] wrote 7 bootstraps
[2018-05-09 11:12:07.130] [jointLog] [info] wrote 8 bootstraps
[2018-05-09 11:12:07.956] [jointLog] [info] wrote 9 bootstraps
[2018-05-09 11:12:08.464] [jointLog] [info] wrote 10 bootstraps
[2018-05-09 11:12:08.947] [jointLog] [info] wrote 11 bootstraps
[2018-05-09 11:12:09.161] [jointLog] [info] wrote 12 bootstraps
[2018-05-09 11:12:09.469] [jointLog] [info] wrote 13 bootstraps
[2018-05-09 11:12:10.258] [jointLog] [info] wrote 14 bootstraps
[2018-05-09 11:12:30.502] [jointLog] [info] wrote 15 bootstraps
[2018-05-09 11:12:30.716] [jointLog] [info] wrote 16 bootstraps
[2018-05-09 11:12:30.970] [jointLog] [info] wrote 17 bootstraps
[2018-05-09 11:12:32.201] [jointLog] [info] wrote 18 bootstraps
[2018-05-09 11:12:32.657] [jointLog] [info] wrote 19 bootstraps
[2018-05-09 11:12:32.701] [jointLog] [info] wrote 20 bootstraps
[2018-05-09 11:12:33.222] [jointLog] [info] wrote 21 bootstraps
[2018-05-09 11:12:53.079] [jointLog] [info] wrote 22 bootstraps
[2018-05-09 11:12:53.548] [jointLog] [info] wrote 23 bootstraps
[2018-05-09 11:12:54.530] [jointLog] [info] wrote 24 bootstraps
[2018-05-09 11:12:55.625] [jointLog] [info] wrote 25 bootstraps
[2018-05-09 11:12:55.811] [jointLog] [info] wrote 26 bootstraps
[2018-05-09 11:12:56.085] [jointLog] [info] wrote 27 bootstraps
[2018-05-09 11:12:56.196] [jointLog] [info] wrote 28 bootstraps
[2018-05-09 11:13:16.175] [jointLog] [info] wrote 29 bootstraps
[2018-05-09 11:13:17.663] [jointLog] [info] wrote 30 bootstraps
[2018-05-09 11:13:18.199] [jointLog] [info] wrote 31 bootstraps
[2018-05-09 11:13:19.020] [jointLog] [info] wrote 32 bootstraps
[2018-05-09 11:13:19.063] [jointLog] [info] wrote 33 bootstraps
[2018-05-09 11:13:19.528] [jointLog] [info] wrote 34 bootstraps
[2018-05-09 11:13:20.381] [jointLog] [info] wrote 35 bootstraps
[2018-05-09 11:13:40.093] [jointLog] [info] wrote 36 bootstraps
[2018-05-09 11:13:41.192] [jointLog] [info] wrote 37 bootstraps
[2018-05-09 11:13:41.238] [jointLog] [info] wrote 38 bootstraps
[2018-05-09 11:13:41.973] [jointLog] [info] wrote 39 bootstraps
[2018-05-09 11:13:42.734] [jointLog] [info] wrote 40 bootstraps
[2018-05-09 11:13:43.158] [jointLog] [info] wrote 41 bootstraps
[2018-05-09 11:13:44.308] [jointLog] [info] wrote 42 bootstraps
[2018-05-09 11:14:03.124] [jointLog] [info] wrote 43 bootstraps
[2018-05-09 11:14:05.115] [jointLog] [info] wrote 44 bootstraps
[2018-05-09 11:14:05.217] [jointLog] [info] wrote 45 bootstraps
[2018-05-09 11:14:06.214] [jointLog] [info] wrote 46 bootstraps
[2018-05-09 11:14:06.273] [jointLog] [info] wrote 47 bootstraps
[2018-05-09 11:14:07.111] [jointLog] [info] wrote 48 bootstraps
[2018-05-09 11:14:07.873] [jointLog] [info] wrote 49 bootstraps
[2018-05-09 11:14:26.814] [jointLog] [info] wrote 50 bootstraps
[2018-05-09 11:14:29.076] [jointLog] [info] wrote 51 bootstraps
[2018-05-09 11:14:29.181] [jointLog] [info] wrote 52 bootstraps
[2018-05-09 11:14:29.288] [jointLog] [info] wrote 53 bootstraps
[2018-05-09 11:14:30.109] [jointLog] [info] wrote 54 bootstraps
[2018-05-09 11:14:30.953] [jointLog] [info] wrote 55 bootstraps
[2018-05-09 11:14:31.479] [jointLog] [info] wrote 56 bootstraps
[2018-05-09 11:14:50.435] [jointLog] [info] wrote 57 bootstraps
[2018-05-09 11:14:52.205] [jointLog] [info] wrote 58 bootstraps
[2018-05-09 11:14:52.334] [jointLog] [info] wrote 59 bootstraps
[2018-05-09 11:14:52.688] [jointLog] [info] wrote 60 bootstraps
[2018-05-09 11:14:53.149] [jointLog] [info] wrote 61 bootstraps
[2018-05-09 11:14:53.869] [jointLog] [info] wrote 62 bootstraps
[2018-05-09 11:14:55.303] [jointLog] [info] wrote 63 bootstraps
[2018-05-09 11:15:14.391] [jointLog] [info] wrote 64 bootstraps
[2018-05-09 11:15:15.846] [jointLog] [info] wrote 65 bootstraps
[2018-05-09 11:15:15.943] [jointLog] [info] wrote 66 bootstraps
[2018-05-09 11:15:16.488] [jointLog] [info] wrote 67 bootstraps
[2018-05-09 11:15:16.595] [jointLog] [info] wrote 68 bootstraps
[2018-05-09 11:15:16.726] [jointLog] [info] wrote 69 bootstraps
[2018-05-09 11:15:18.379] [jointLog] [info] wrote 70 bootstraps
[2018-05-09 11:15:37.861] [jointLog] [info] wrote 71 bootstraps
[2018-05-09 11:15:39.389] [jointLog] [info] wrote 72 bootstraps
[2018-05-09 11:15:39.557] [jointLog] [info] wrote 73 bootstraps
[2018-05-09 11:15:40.140] [jointLog] [info] wrote 74 bootstraps
[2018-05-09 11:15:40.511] [jointLog] [info] wrote 75 bootstraps
[2018-05-09 11:15:41.236] [jointLog] [info] wrote 76 bootstraps
[2018-05-09 11:15:41.510] [jointLog] [info] wrote 77 bootstraps
[2018-05-09 11:16:01.352] [jointLog] [info] wrote 78 bootstraps
[2018-05-09 11:16:03.135] [jointLog] [info] wrote 79 bootstraps
[2018-05-09 11:16:03.304] [jointLog] [info] wrote 80 bootstraps
[2018-05-09 11:16:03.473] [jointLog] [info] wrote 81 bootstraps
[2018-05-09 11:16:03.686] [jointLog] [info] wrote 82 bootstraps
[2018-05-09 11:16:04.611] [jointLog] [info] wrote 83 bootstraps
[2018-05-09 11:16:06.042] [jointLog] [info] wrote 84 bootstraps
[2018-05-09 11:16:24.644] [jointLog] [info] wrote 85 bootstraps
[2018-05-09 11:16:26.101] [jointLog] [info] wrote 86 bootstraps
[2018-05-09 11:16:26.659] [jointLog] [info] wrote 87 bootstraps
[2018-05-09 11:16:26.952] [jointLog] [info] wrote 88 bootstraps
[2018-05-09 11:16:27.141] [jointLog] [info] wrote 89 bootstraps
[2018-05-09 11:16:28.235] [jointLog] [info] wrote 90 bootstraps
[2018-05-09 11:16:29.471] [jointLog] [info] wrote 91 bootstraps
[2018-05-09 11:16:48.112] [jointLog] [info] wrote 92 bootstraps
[2018-05-09 11:16:50.071] [jointLog] [info] wrote 93 bootstraps
[2018-05-09 11:16:50.366] [jointLog] [info] wrote 94 bootstraps
[2018-05-09 11:16:50.556] [jointLog] [info] wrote 95 bootstraps
[2018-05-09 11:16:50.672] [jointLog] [info] wrote 96 bootstraps
[2018-05-09 11:16:51.221] [jointLog] [info] wrote 97 bootstraps
[2018-05-09 11:16:51.856] [jointLog] [info] wrote 98 bootstraps
[2018-05-09 11:17:07.356] [jointLog] [info] wrote 99 bootstraps
[2018-05-09 11:17:08.623] [jointLog] [info] wrote 100 bootstraps
[2018-05-09 11:17:08.662] [jointLog] [info] Finished Bootstrapping
[2018-05-09 11:17:08.663] [jointLog] [warning] NOTE: Read Lib [( /c2d2/people/kn675/betsy_pownall/gideon_hughes/reads/trimmed/GH3_S38_L004_R1_001.fastq.gz, /c2d2/people/kn675/betsy_pownall/gideon_hughes/reads/trimmed/GH3_S38_L004_R2_001.fastq.gz )] :

Greater than 5% of the fragments disagreed with the provided library type; check the file: GH3/lib_format_counts.json for details

