[2018-05-09 10:56:02.901] [jointLog] [info] parsing read library format
[2018-05-09 10:56:02.901] [jointLog] [info] There is 1 library.
[2018-05-09 10:56:03.056] [jointLog] [info] Loading Quasi index
[2018-05-09 10:56:03.056] [jointLog] [info] Loading 32-bit quasi index
[2018-05-09 10:56:17.695] [jointLog] [info] done
[2018-05-09 10:56:17.695] [jointLog] [info] Index contained 58931 targets
[2018-05-09 11:15:10.009] [jointLog] [info] Computed 103154 rich equivalence classes for further processing
[2018-05-09 11:15:10.009] [jointLog] [info] Counted 40056120 total reads in the equivalence classes 
[2018-05-09 11:15:10.011] [fileLog] [info] 
At end of round 0
==================
Observed 57060988 total fragments (57060988 in most recent round)

[2018-05-09 11:15:10.072] [jointLog] [info] Mapping rate = 70.1988%

[2018-05-09 11:15:10.072] [jointLog] [info] finished quantifyLibrary()
[2018-05-09 11:15:10.075] [jointLog] [info] Starting optimizer
[2018-05-09 11:15:10.154] [jointLog] [info] Marked 0 weighted equivalence classes as degenerate
[2018-05-09 11:15:10.170] [jointLog] [info] iteration = 0 | max rel diff. = 7.41968
[2018-05-09 11:15:11.283] [jointLog] [info] iteration = 100 | max rel diff. = 0.100517
[2018-05-09 11:15:12.377] [jointLog] [info] iteration = 200 | max rel diff. = 0.0544887
[2018-05-09 11:15:13.550] [jointLog] [info] iteration = 300 | max rel diff. = 0.0373696
[2018-05-09 11:15:14.958] [jointLog] [info] iteration = 400 | max rel diff. = 0.028017
[2018-05-09 11:15:16.270] [jointLog] [info] iteration = 500 | max rel diff. = 0.02372
[2018-05-09 11:15:17.801] [jointLog] [info] iteration = 600 | max rel diff. = 0.0190844
[2018-05-09 11:15:19.327] [jointLog] [info] iteration = 700 | max rel diff. = 0.0159982
[2018-05-09 11:15:20.855] [jointLog] [info] iteration = 800 | max rel diff. = 0.014116
[2018-05-09 11:15:22.128] [jointLog] [info] iteration = 900 | max rel diff. = 0.0132786
[2018-05-09 11:15:23.242] [jointLog] [info] iteration = 1000 | max rel diff. = 0.0117553
[2018-05-09 11:15:24.384] [jointLog] [info] iteration = 1100 | max rel diff. = 0.0107617
[2018-05-09 11:15:25.509] [jointLog] [info] iteration = 1200 | max rel diff. = 0.0102418
[2018-05-09 11:15:26.096] [jointLog] [info] iteration = 1237 | max rel diff. = 0.00898995
[2018-05-09 11:15:26.107] [jointLog] [info] Finished optimizer
[2018-05-09 11:15:26.107] [jointLog] [info] writing output 

[2018-05-09 11:15:26.431] [jointLog] [info] Starting Bootstrapping
[2018-05-09 11:15:26.511] [jointLog] [info] Will draw 100 bootstrap samples
[2018-05-09 11:15:26.511] [jointLog] [info] Optimizing over 103154 equivalence classes
[2018-05-09 11:15:26.572] [jointLog] [info] Marked 0 weighted equivalence classes as degenerate
[2018-05-09 11:15:46.409] [jointLog] [info] wrote 1 bootstraps
[2018-05-09 11:15:46.739] [jointLog] [info] wrote 2 bootstraps
[2018-05-09 11:15:47.316] [jointLog] [info] wrote 3 bootstraps
[2018-05-09 11:15:49.067] [jointLog] [info] wrote 4 bootstraps
[2018-05-09 11:15:50.225] [jointLog] [info] wrote 5 bootstraps
[2018-05-09 11:15:50.731] [jointLog] [info] wrote 6 bootstraps
[2018-05-09 11:15:55.176] [jointLog] [info] wrote 7 bootstraps
[2018-05-09 11:16:07.518] [jointLog] [info] wrote 8 bootstraps
[2018-05-09 11:16:09.259] [jointLog] [info] wrote 9 bootstraps
[2018-05-09 11:16:09.581] [jointLog] [info] wrote 10 bootstraps
[2018-05-09 11:16:09.707] [jointLog] [info] wrote 11 bootstraps
[2018-05-09 11:16:11.078] [jointLog] [info] wrote 12 bootstraps
[2018-05-09 11:16:16.482] [jointLog] [info] wrote 13 bootstraps
[2018-05-09 11:16:24.759] [jointLog] [info] wrote 14 bootstraps
[2018-05-09 11:16:28.532] [jointLog] [info] wrote 15 bootstraps
[2018-05-09 11:16:29.902] [jointLog] [info] wrote 16 bootstraps
[2018-05-09 11:16:30.311] [jointLog] [info] wrote 17 bootstraps
[2018-05-09 11:16:31.311] [jointLog] [info] wrote 18 bootstraps
[2018-05-09 11:16:35.569] [jointLog] [info] wrote 19 bootstraps
[2018-05-09 11:16:35.793] [jointLog] [info] wrote 20 bootstraps
[2018-05-09 11:16:47.997] [jointLog] [info] wrote 21 bootstraps
[2018-05-09 11:16:49.841] [jointLog] [info] wrote 22 bootstraps
[2018-05-09 11:16:50.679] [jointLog] [info] wrote 23 bootstraps
[2018-05-09 11:16:50.936] [jointLog] [info] wrote 24 bootstraps
[2018-05-09 11:16:55.182] [jointLog] [info] wrote 25 bootstraps
[2018-05-09 11:16:55.385] [jointLog] [info] wrote 26 bootstraps
[2018-05-09 11:16:56.142] [jointLog] [info] wrote 27 bootstraps
[2018-05-09 11:17:08.020] [jointLog] [info] wrote 28 bootstraps
[2018-05-09 11:17:09.860] [jointLog] [info] wrote 29 bootstraps
[2018-05-09 11:17:10.097] [jointLog] [info] wrote 30 bootstraps
[2018-05-09 11:17:10.707] [jointLog] [info] wrote 31 bootstraps
[2018-05-09 11:17:14.042] [jointLog] [info] wrote 32 bootstraps
[2018-05-09 11:17:18.007] [jointLog] [info] wrote 33 bootstraps
[2018-05-09 11:17:27.348] [jointLog] [info] wrote 34 bootstraps
[2018-05-09 11:17:28.360] [jointLog] [info] wrote 35 bootstraps
[2018-05-09 11:17:29.744] [jointLog] [info] wrote 36 bootstraps
[2018-05-09 11:17:30.555] [jointLog] [info] wrote 37 bootstraps
[2018-05-09 11:17:33.668] [jointLog] [info] wrote 38 bootstraps
[2018-05-09 11:17:33.988] [jointLog] [info] wrote 39 bootstraps
[2018-05-09 11:17:47.433] [jointLog] [info] wrote 40 bootstraps
[2018-05-09 11:17:48.274] [jointLog] [info] wrote 41 bootstraps
[2018-05-09 11:17:50.191] [jointLog] [info] wrote 42 bootstraps
[2018-05-09 11:17:50.693] [jointLog] [info] wrote 43 bootstraps
[2018-05-09 11:17:52.844] [jointLog] [info] wrote 44 bootstraps
[2018-05-09 11:17:53.325] [jointLog] [info] wrote 45 bootstraps
[2018-05-09 11:18:07.915] [jointLog] [info] wrote 46 bootstraps
[2018-05-09 11:18:09.049] [jointLog] [info] wrote 47 bootstraps
[2018-05-09 11:18:10.514] [jointLog] [info] wrote 48 bootstraps
[2018-05-09 11:18:10.586] [jointLog] [info] wrote 49 bootstraps
[2018-05-09 11:18:11.725] [jointLog] [info] wrote 50 bootstraps
[2018-05-09 11:18:12.916] [jointLog] [info] wrote 51 bootstraps
[2018-05-09 11:18:27.003] [jointLog] [info] wrote 52 bootstraps
[2018-05-09 11:18:27.230] [jointLog] [info] wrote 53 bootstraps
[2018-05-09 11:18:27.846] [jointLog] [info] wrote 54 bootstraps
[2018-05-09 11:18:30.439] [jointLog] [info] wrote 55 bootstraps
[2018-05-09 11:18:30.954] [jointLog] [info] wrote 56 bootstraps
[2018-05-09 11:18:31.734] [jointLog] [info] wrote 57 bootstraps
[2018-05-09 11:18:33.571] [jointLog] [info] wrote 58 bootstraps
[2018-05-09 11:18:48.620] [jointLog] [info] wrote 59 bootstraps
[2018-05-09 11:18:50.597] [jointLog] [info] wrote 60 bootstraps
[2018-05-09 11:18:50.992] [jointLog] [info] wrote 61 bootstraps
[2018-05-09 11:18:53.442] [jointLog] [info] wrote 62 bootstraps
[2018-05-09 11:18:53.479] [jointLog] [info] wrote 63 bootstraps
[2018-05-09 11:18:57.810] [jointLog] [info] wrote 64 bootstraps
[2018-05-09 11:19:03.462] [jointLog] [info] wrote 65 bootstraps
[2018-05-09 11:19:10.671] [jointLog] [info] wrote 66 bootstraps
[2018-05-09 11:19:11.078] [jointLog] [info] wrote 67 bootstraps
[2018-05-09 11:19:11.248] [jointLog] [info] wrote 68 bootstraps
[2018-05-09 11:19:12.771] [jointLog] [info] wrote 69 bootstraps
[2018-05-09 11:19:13.580] [jointLog] [info] wrote 70 bootstraps
[2018-05-09 11:19:18.880] [jointLog] [info] wrote 71 bootstraps
[2018-05-09 11:19:29.264] [jointLog] [info] wrote 72 bootstraps
[2018-05-09 11:19:32.045] [jointLog] [info] wrote 73 bootstraps
[2018-05-09 11:19:33.903] [jointLog] [info] wrote 74 bootstraps
[2018-05-09 11:19:35.768] [jointLog] [info] wrote 75 bootstraps
[2018-05-09 11:19:36.218] [jointLog] [info] wrote 76 bootstraps
[2018-05-09 11:19:38.407] [jointLog] [info] wrote 77 bootstraps
[2018-05-09 11:19:49.156] [jointLog] [info] wrote 78 bootstraps
[2018-05-09 11:19:50.240] [jointLog] [info] wrote 79 bootstraps
[2018-05-09 11:19:52.393] [jointLog] [info] wrote 80 bootstraps
[2018-05-09 11:19:56.186] [jointLog] [info] wrote 81 bootstraps
[2018-05-09 11:19:57.204] [jointLog] [info] wrote 82 bootstraps
[2018-05-09 11:19:59.115] [jointLog] [info] wrote 83 bootstraps
[2018-05-09 11:19:59.380] [jointLog] [info] wrote 84 bootstraps
[2018-05-09 11:20:09.788] [jointLog] [info] wrote 85 bootstraps
[2018-05-09 11:20:12.537] [jointLog] [info] wrote 86 bootstraps
[2018-05-09 11:20:16.919] [jointLog] [info] wrote 87 bootstraps
[2018-05-09 11:20:16.963] [jointLog] [info] wrote 88 bootstraps
[2018-05-09 11:20:18.030] [jointLog] [info] wrote 89 bootstraps
[2018-05-09 11:20:18.590] [jointLog] [info] wrote 90 bootstraps
[2018-05-09 11:20:20.138] [jointLog] [info] wrote 91 bootstraps
[2018-05-09 11:20:32.355] [jointLog] [info] wrote 92 bootstraps
[2018-05-09 11:20:33.495] [jointLog] [info] wrote 93 bootstraps
[2018-05-09 11:20:37.038] [jointLog] [info] wrote 94 bootstraps
[2018-05-09 11:20:37.510] [jointLog] [info] wrote 95 bootstraps
[2018-05-09 11:20:37.993] [jointLog] [info] wrote 96 bootstraps
[2018-05-09 11:20:38.975] [jointLog] [info] wrote 97 bootstraps
[2018-05-09 11:20:44.424] [jointLog] [info] wrote 98 bootstraps
[2018-05-09 11:20:51.796] [jointLog] [info] wrote 99 bootstraps
[2018-05-09 11:20:55.224] [jointLog] [info] wrote 100 bootstraps
[2018-05-09 11:20:55.255] [jointLog] [info] Finished Bootstrapping
[2018-05-09 11:20:55.257] [jointLog] [warning] NOTE: Read Lib [( /c2d2/people/kn675/betsy_pownall/gideon_hughes/reads/trimmed/GH4_S39_L004_R1_001.fastq.gz, /c2d2/people/kn675/betsy_pownall/gideon_hughes/reads/trimmed/GH4_S39_L004_R2_001.fastq.gz )] :

Greater than 5% of the fragments disagreed with the provided library type; check the file: GH4/lib_format_counts.json for details

