[2018-05-09 10:55:52.126] [jointLog] [info] parsing read library format
[2018-05-09 10:55:52.126] [jointLog] [info] There is 1 library.
[2018-05-09 10:55:52.288] [jointLog] [info] Loading Quasi index
[2018-05-09 10:55:52.289] [jointLog] [info] Loading 32-bit quasi index
[2018-05-09 10:56:00.964] [jointLog] [info] done
[2018-05-09 10:56:00.964] [jointLog] [info] Index contained 58931 targets
[2018-05-09 11:09:38.647] [fileLog] [info] 
At end of round 0
==================
Observed 55801577 total fragments (55801577 in most recent round)

[2018-05-09 11:09:38.646] [jointLog] [info] Computed 103116 rich equivalence classes for further processing
[2018-05-09 11:09:38.646] [jointLog] [info] Counted 39529973 total reads in the equivalence classes 
[2018-05-09 11:09:38.693] [jointLog] [info] Mapping rate = 70.8402%

[2018-05-09 11:09:38.693] [jointLog] [info] finished quantifyLibrary()
[2018-05-09 11:09:38.695] [jointLog] [info] Starting optimizer
[2018-05-09 11:09:39.026] [jointLog] [info] Marked 0 weighted equivalence classes as degenerate
[2018-05-09 11:09:39.040] [jointLog] [info] iteration = 0 | max rel diff. = 4.33199
[2018-05-09 11:09:40.003] [jointLog] [info] iteration = 100 | max rel diff. = 0.0781782
[2018-05-09 11:09:41.021] [jointLog] [info] iteration = 200 | max rel diff. = 0.0513351
[2018-05-09 11:09:42.000] [jointLog] [info] iteration = 300 | max rel diff. = 0.0358156
[2018-05-09 11:09:42.914] [jointLog] [info] iteration = 400 | max rel diff. = 0.0263864
[2018-05-09 11:09:43.854] [jointLog] [info] iteration = 500 | max rel diff. = 0.0216537
[2018-05-09 11:09:44.827] [jointLog] [info] iteration = 600 | max rel diff. = 0.018488
[2018-05-09 11:09:45.769] [jointLog] [info] iteration = 700 | max rel diff. = 0.0163728
[2018-05-09 11:09:46.682] [jointLog] [info] iteration = 800 | max rel diff. = 0.0146611
[2018-05-09 11:09:47.705] [jointLog] [info] iteration = 900 | max rel diff. = 0.0118968
[2018-05-09 11:09:48.684] [jointLog] [info] iteration = 1000 | max rel diff. = 0.0114363
[2018-05-09 11:09:49.599] [jointLog] [info] iteration = 1100 | max rel diff. = 0.0104262
[2018-05-09 11:09:50.592] [jointLog] [info] iteration = 1200 | max rel diff. = 0.0101711
[2018-05-09 11:09:50.988] [jointLog] [info] iteration = 1244 | max rel diff. = 0.00984218
[2018-05-09 11:09:50.994] [jointLog] [info] Finished optimizer
[2018-05-09 11:09:50.994] [jointLog] [info] writing output 

[2018-05-09 11:09:51.174] [jointLog] [info] Starting Bootstrapping
[2018-05-09 11:09:51.201] [jointLog] [info] Will draw 100 bootstrap samples
[2018-05-09 11:09:51.201] [jointLog] [info] Optimizing over 103116 equivalence classes
[2018-05-09 11:09:51.216] [jointLog] [info] Marked 0 weighted equivalence classes as degenerate
[2018-05-09 11:10:10.119] [jointLog] [info] wrote 1 bootstraps
[2018-05-09 11:10:10.926] [jointLog] [info] wrote 2 bootstraps
[2018-05-09 11:10:11.069] [jointLog] [info] wrote 3 bootstraps
[2018-05-09 11:10:11.158] [jointLog] [info] wrote 4 bootstraps
[2018-05-09 11:10:11.659] [jointLog] [info] wrote 5 bootstraps
[2018-05-09 11:10:12.373] [jointLog] [info] wrote 6 bootstraps
[2018-05-09 11:10:12.555] [jointLog] [info] wrote 7 bootstraps
[2018-05-09 11:10:30.030] [jointLog] [info] wrote 8 bootstraps
[2018-05-09 11:10:30.339] [jointLog] [info] wrote 9 bootstraps
[2018-05-09 11:10:31.090] [jointLog] [info] wrote 10 bootstraps
[2018-05-09 11:10:31.895] [jointLog] [info] wrote 11 bootstraps
[2018-05-09 11:10:32.394] [jointLog] [info] wrote 12 bootstraps
[2018-05-09 11:10:32.438] [jointLog] [info] wrote 13 bootstraps
[2018-05-09 11:10:32.622] [jointLog] [info] wrote 14 bootstraps
[2018-05-09 11:10:49.256] [jointLog] [info] wrote 15 bootstraps
[2018-05-09 11:10:50.009] [jointLog] [info] wrote 16 bootstraps
[2018-05-09 11:10:50.829] [jointLog] [info] wrote 17 bootstraps
[2018-05-09 11:10:51.639] [jointLog] [info] wrote 18 bootstraps
[2018-05-09 11:10:52.356] [jointLog] [info] wrote 19 bootstraps
[2018-05-09 11:10:52.395] [jointLog] [info] wrote 20 bootstraps
[2018-05-09 11:10:52.485] [jointLog] [info] wrote 21 bootstraps
[2018-05-09 11:11:09.125] [jointLog] [info] wrote 22 bootstraps
[2018-05-09 11:11:09.324] [jointLog] [info] wrote 23 bootstraps
[2018-05-09 11:11:10.755] [jointLog] [info] wrote 24 bootstraps
[2018-05-09 11:11:11.074] [jointLog] [info] wrote 25 bootstraps
[2018-05-09 11:11:11.850] [jointLog] [info] wrote 26 bootstraps
[2018-05-09 11:11:11.904] [jointLog] [info] wrote 27 bootstraps
[2018-05-09 11:11:12.748] [jointLog] [info] wrote 28 bootstraps
[2018-05-09 11:11:28.884] [jointLog] [info] wrote 29 bootstraps
[2018-05-09 11:11:29.745] [jointLog] [info] wrote 30 bootstraps
[2018-05-09 11:11:30.480] [jointLog] [info] wrote 31 bootstraps
[2018-05-09 11:11:30.934] [jointLog] [info] wrote 32 bootstraps
[2018-05-09 11:11:31.472] [jointLog] [info] wrote 33 bootstraps
[2018-05-09 11:11:32.079] [jointLog] [info] wrote 34 bootstraps
[2018-05-09 11:11:33.138] [jointLog] [info] wrote 35 bootstraps
[2018-05-09 11:11:47.828] [jointLog] [info] wrote 36 bootstraps
[2018-05-09 11:11:49.813] [jointLog] [info] wrote 37 bootstraps
[2018-05-09 11:11:50.801] [jointLog] [info] wrote 38 bootstraps
[2018-05-09 11:11:50.861] [jointLog] [info] wrote 39 bootstraps
[2018-05-09 11:11:51.147] [jointLog] [info] wrote 40 bootstraps
[2018-05-09 11:11:51.511] [jointLog] [info] wrote 41 bootstraps
[2018-05-09 11:11:52.627] [jointLog] [info] wrote 42 bootstraps
[2018-05-09 11:12:07.873] [jointLog] [info] wrote 43 bootstraps
[2018-05-09 11:12:10.095] [jointLog] [info] wrote 44 bootstraps
[2018-05-09 11:12:10.177] [jointLog] [info] wrote 45 bootstraps
[2018-05-09 11:12:10.518] [jointLog] [info] wrote 46 bootstraps
[2018-05-09 11:12:10.761] [jointLog] [info] wrote 47 bootstraps
[2018-05-09 11:12:11.017] [jointLog] [info] wrote 48 bootstraps
[2018-05-09 11:12:13.098] [jointLog] [info] wrote 49 bootstraps
[2018-05-09 11:12:27.765] [jointLog] [info] wrote 50 bootstraps
[2018-05-09 11:12:29.827] [jointLog] [info] wrote 51 bootstraps
[2018-05-09 11:12:29.887] [jointLog] [info] wrote 52 bootstraps
[2018-05-09 11:12:30.015] [jointLog] [info] wrote 53 bootstraps
[2018-05-09 11:12:30.358] [jointLog] [info] wrote 54 bootstraps
[2018-05-09 11:12:30.523] [jointLog] [info] wrote 55 bootstraps
[2018-05-09 11:12:32.487] [jointLog] [info] wrote 56 bootstraps
[2018-05-09 11:12:47.906] [jointLog] [info] wrote 57 bootstraps
[2018-05-09 11:12:49.796] [jointLog] [info] wrote 58 bootstraps
[2018-05-09 11:12:49.974] [jointLog] [info] wrote 59 bootstraps
[2018-05-09 11:12:50.224] [jointLog] [info] wrote 60 bootstraps
[2018-05-09 11:12:50.454] [jointLog] [info] wrote 61 bootstraps
[2018-05-09 11:12:50.532] [jointLog] [info] wrote 62 bootstraps
[2018-05-09 11:12:51.653] [jointLog] [info] wrote 63 bootstraps
[2018-05-09 11:13:07.570] [jointLog] [info] wrote 64 bootstraps
[2018-05-09 11:13:08.870] [jointLog] [info] wrote 65 bootstraps
[2018-05-09 11:13:09.239] [jointLog] [info] wrote 66 bootstraps
[2018-05-09 11:13:10.006] [jointLog] [info] wrote 67 bootstraps
[2018-05-09 11:13:10.069] [jointLog] [info] wrote 68 bootstraps
[2018-05-09 11:13:10.206] [jointLog] [info] wrote 69 bootstraps
[2018-05-09 11:13:11.265] [jointLog] [info] wrote 70 bootstraps
[2018-05-09 11:13:27.275] [jointLog] [info] wrote 71 bootstraps
[2018-05-09 11:13:28.203] [jointLog] [info] wrote 72 bootstraps
[2018-05-09 11:13:28.987] [jointLog] [info] wrote 73 bootstraps
[2018-05-09 11:13:29.752] [jointLog] [info] wrote 74 bootstraps
[2018-05-09 11:13:29.999] [jointLog] [info] wrote 75 bootstraps
[2018-05-09 11:13:30.043] [jointLog] [info] wrote 76 bootstraps
[2018-05-09 11:13:30.854] [jointLog] [info] wrote 77 bootstraps
[2018-05-09 11:13:46.597] [jointLog] [info] wrote 78 bootstraps
[2018-05-09 11:13:47.067] [jointLog] [info] wrote 79 bootstraps
[2018-05-09 11:13:49.510] [jointLog] [info] wrote 80 bootstraps
[2018-05-09 11:13:49.706] [jointLog] [info] wrote 81 bootstraps
[2018-05-09 11:13:49.749] [jointLog] [info] wrote 82 bootstraps
[2018-05-09 11:13:49.847] [jointLog] [info] wrote 83 bootstraps
[2018-05-09 11:13:50.318] [jointLog] [info] wrote 84 bootstraps
[2018-05-09 11:14:05.665] [jointLog] [info] wrote 85 bootstraps
[2018-05-09 11:14:07.003] [jointLog] [info] wrote 86 bootstraps
[2018-05-09 11:14:09.678] [jointLog] [info] wrote 87 bootstraps
[2018-05-09 11:14:09.740] [jointLog] [info] wrote 88 bootstraps
[2018-05-09 11:14:09.784] [jointLog] [info] wrote 89 bootstraps
[2018-05-09 11:14:10.349] [jointLog] [info] wrote 90 bootstraps
[2018-05-09 11:14:10.805] [jointLog] [info] wrote 91 bootstraps
[2018-05-09 11:14:25.600] [jointLog] [info] wrote 92 bootstraps
[2018-05-09 11:14:27.114] [jointLog] [info] wrote 93 bootstraps
[2018-05-09 11:14:29.458] [jointLog] [info] wrote 94 bootstraps
[2018-05-09 11:14:29.698] [jointLog] [info] wrote 95 bootstraps
[2018-05-09 11:14:29.736] [jointLog] [info] wrote 96 bootstraps
[2018-05-09 11:14:30.059] [jointLog] [info] wrote 97 bootstraps
[2018-05-09 11:14:30.961] [jointLog] [info] wrote 98 bootstraps
[2018-05-09 11:14:45.192] [jointLog] [info] wrote 99 bootstraps
[2018-05-09 11:14:46.051] [jointLog] [info] wrote 100 bootstraps
[2018-05-09 11:14:46.065] [jointLog] [info] Finished Bootstrapping
[2018-05-09 11:14:46.132] [jointLog] [warning] NOTE: Read Lib [( /c2d2/people/kn675/betsy_pownall/gideon_hughes/reads/trimmed/GH1_S36_L004_R1_001.fastq.gz, /c2d2/people/kn675/betsy_pownall/gideon_hughes/reads/trimmed/GH1_S36_L004_R2_001.fastq.gz )] :

Greater than 5% of the fragments disagreed with the provided library type; check the file: GH1/lib_format_counts.json for details

