[2018-05-09 10:56:02.907] [jointLog] [info] parsing read library format
[2018-05-09 10:56:02.907] [jointLog] [info] There is 1 library.
[2018-05-09 10:56:03.110] [jointLog] [info] Loading Quasi index
[2018-05-09 10:56:03.111] [jointLog] [info] Loading 32-bit quasi index
[2018-05-09 10:56:18.031] [jointLog] [info] done
[2018-05-09 10:56:18.031] [jointLog] [info] Index contained 58931 targets
[2018-05-09 11:22:29.471] [fileLog] [info] 
At end of round 0
==================
Observed 58680708 total fragments (58680708 in most recent round)

[2018-05-09 11:22:29.469] [jointLog] [info] Computed 106073 rich equivalence classes for further processing
[2018-05-09 11:22:29.470] [jointLog] [info] Counted 40960687 total reads in the equivalence classes 
[2018-05-09 11:22:29.550] [jointLog] [info] Mapping rate = 69.8026%

[2018-05-09 11:22:29.550] [jointLog] [info] finished quantifyLibrary()
[2018-05-09 11:22:29.553] [jointLog] [info] Starting optimizer
[2018-05-09 11:22:29.772] [jointLog] [info] Marked 0 weighted equivalence classes as degenerate
[2018-05-09 11:22:29.787] [jointLog] [info] iteration = 0 | max rel diff. = 4.94314
[2018-05-09 11:22:31.289] [jointLog] [info] iteration = 100 | max rel diff. = 0.100581
[2018-05-09 11:22:32.835] [jointLog] [info] iteration = 200 | max rel diff. = 0.0496809
[2018-05-09 11:22:34.405] [jointLog] [info] iteration = 300 | max rel diff. = 0.0356259
[2018-05-09 11:22:35.997] [jointLog] [info] iteration = 400 | max rel diff. = 0.025317
[2018-05-09 11:22:37.544] [jointLog] [info] iteration = 500 | max rel diff. = 0.0225786
[2018-05-09 11:22:39.096] [jointLog] [info] iteration = 600 | max rel diff. = 0.0187644
[2018-05-09 11:22:40.646] [jointLog] [info] iteration = 700 | max rel diff. = 0.0187956
[2018-05-09 11:22:42.171] [jointLog] [info] iteration = 800 | max rel diff. = 0.0146762
[2018-05-09 11:22:43.736] [jointLog] [info] iteration = 900 | max rel diff. = 0.0137512
[2018-05-09 11:22:45.251] [jointLog] [info] iteration = 1000 | max rel diff. = 0.0133808
[2018-05-09 11:22:46.809] [jointLog] [info] iteration = 1100 | max rel diff. = 0.0104016
[2018-05-09 11:22:47.553] [jointLog] [info] iteration = 1150 | max rel diff. = 0.00908537
[2018-05-09 11:22:47.563] [jointLog] [info] Finished optimizer
[2018-05-09 11:22:47.563] [jointLog] [info] writing output 

[2018-05-09 11:22:47.890] [jointLog] [info] Starting Bootstrapping
[2018-05-09 11:22:47.951] [jointLog] [info] Will draw 100 bootstrap samples
[2018-05-09 11:22:47.951] [jointLog] [info] Optimizing over 106073 equivalence classes
[2018-05-09 11:22:47.974] [jointLog] [info] Marked 0 weighted equivalence classes as degenerate
[2018-05-09 11:23:33.480] [jointLog] [info] wrote 1 bootstraps
[2018-05-09 11:23:34.037] [jointLog] [info] wrote 2 bootstraps
[2018-05-09 11:23:35.808] [jointLog] [info] wrote 3 bootstraps
[2018-05-09 11:23:36.078] [jointLog] [info] wrote 4 bootstraps
[2018-05-09 11:23:36.426] [jointLog] [info] wrote 5 bootstraps
[2018-05-09 11:23:36.530] [jointLog] [info] wrote 6 bootstraps
[2018-05-09 11:23:37.572] [jointLog] [info] wrote 7 bootstraps
[2018-05-09 11:24:17.799] [jointLog] [info] wrote 8 bootstraps
[2018-05-09 11:24:22.550] [jointLog] [info] wrote 9 bootstraps
[2018-05-09 11:24:23.622] [jointLog] [info] wrote 10 bootstraps
[2018-05-09 11:24:25.167] [jointLog] [info] wrote 11 bootstraps
[2018-05-09 11:24:25.355] [jointLog] [info] wrote 12 bootstraps
[2018-05-09 11:24:25.455] [jointLog] [info] wrote 13 bootstraps
[2018-05-09 11:24:27.965] [jointLog] [info] wrote 14 bootstraps
[2018-05-09 11:25:02.074] [jointLog] [info] wrote 15 bootstraps
[2018-05-09 11:25:11.575] [jointLog] [info] wrote 16 bootstraps
[2018-05-09 11:25:12.455] [jointLog] [info] wrote 17 bootstraps
[2018-05-09 11:25:13.734] [jointLog] [info] wrote 18 bootstraps
[2018-05-09 11:25:13.821] [jointLog] [info] wrote 19 bootstraps
[2018-05-09 11:25:14.139] [jointLog] [info] wrote 20 bootstraps
[2018-05-09 11:25:17.963] [jointLog] [info] wrote 21 bootstraps
[2018-05-09 11:25:45.296] [jointLog] [info] wrote 22 bootstraps
[2018-05-09 11:25:59.152] [jointLog] [info] wrote 23 bootstraps
[2018-05-09 11:26:01.016] [jointLog] [info] wrote 24 bootstraps
[2018-05-09 11:26:03.593] [jointLog] [info] wrote 25 bootstraps
[2018-05-09 11:26:03.808] [jointLog] [info] wrote 26 bootstraps
[2018-05-09 11:26:04.489] [jointLog] [info] wrote 27 bootstraps
[2018-05-09 11:26:07.910] [jointLog] [info] wrote 28 bootstraps
[2018-05-09 11:26:29.313] [jointLog] [info] wrote 29 bootstraps
[2018-05-09 11:26:47.924] [jointLog] [info] wrote 30 bootstraps
[2018-05-09 11:26:50.408] [jointLog] [info] wrote 31 bootstraps
[2018-05-09 11:26:51.994] [jointLog] [info] wrote 32 bootstraps
[2018-05-09 11:26:52.219] [jointLog] [info] wrote 33 bootstraps
[2018-05-09 11:26:55.670] [jointLog] [info] wrote 34 bootstraps
[2018-05-09 11:26:58.077] [jointLog] [info] wrote 35 bootstraps
[2018-05-09 11:27:11.326] [jointLog] [info] wrote 36 bootstraps
[2018-05-09 11:27:37.667] [jointLog] [info] wrote 37 bootstraps
[2018-05-09 11:27:40.058] [jointLog] [info] wrote 38 bootstraps
[2018-05-09 11:27:40.756] [jointLog] [info] wrote 39 bootstraps
[2018-05-09 11:27:41.371] [jointLog] [info] wrote 40 bootstraps
[2018-05-09 11:27:44.980] [jointLog] [info] wrote 41 bootstraps
[2018-05-09 11:27:48.032] [jointLog] [info] wrote 42 bootstraps
[2018-05-09 11:27:55.598] [jointLog] [info] wrote 43 bootstraps
[2018-05-09 11:28:27.645] [jointLog] [info] wrote 44 bootstraps
[2018-05-09 11:28:29.946] [jointLog] [info] wrote 45 bootstraps
[2018-05-09 11:28:31.000] [jointLog] [info] wrote 46 bootstraps
[2018-05-09 11:28:31.089] [jointLog] [info] wrote 47 bootstraps
[2018-05-09 11:28:37.758] [jointLog] [info] wrote 48 bootstraps
[2018-05-09 11:28:38.513] [jointLog] [info] wrote 49 bootstraps
[2018-05-09 11:28:39.076] [jointLog] [info] wrote 50 bootstraps
[2018-05-09 11:29:18.515] [jointLog] [info] wrote 51 bootstraps
[2018-05-09 11:29:18.729] [jointLog] [info] wrote 52 bootstraps
[2018-05-09 11:29:19.511] [jointLog] [info] wrote 53 bootstraps
[2018-05-09 11:29:20.721] [jointLog] [info] wrote 54 bootstraps
[2018-05-09 11:29:22.818] [jointLog] [info] wrote 55 bootstraps
[2018-05-09 11:29:26.002] [jointLog] [info] wrote 56 bootstraps
[2018-05-09 11:29:26.461] [jointLog] [info] wrote 57 bootstraps
[2018-05-09 11:30:06.106] [jointLog] [info] wrote 58 bootstraps
[2018-05-09 11:30:07.270] [jointLog] [info] wrote 59 bootstraps
[2018-05-09 11:30:07.965] [jointLog] [info] wrote 60 bootstraps
[2018-05-09 11:30:08.424] [jointLog] [info] wrote 61 bootstraps
[2018-05-09 11:30:09.805] [jointLog] [info] wrote 62 bootstraps
[2018-05-09 11:30:13.868] [jointLog] [info] wrote 63 bootstraps
[2018-05-09 11:30:14.616] [jointLog] [info] wrote 64 bootstraps
[2018-05-09 11:30:51.139] [jointLog] [info] wrote 65 bootstraps
[2018-05-09 11:30:54.786] [jointLog] [info] wrote 66 bootstraps
[2018-05-09 11:30:57.222] [jointLog] [info] wrote 67 bootstraps
[2018-05-09 11:30:57.487] [jointLog] [info] wrote 68 bootstraps
[2018-05-09 11:31:00.402] [jointLog] [info] wrote 69 bootstraps
[2018-05-09 11:31:03.705] [jointLog] [info] wrote 70 bootstraps
[2018-05-09 11:31:05.676] [jointLog] [info] wrote 71 bootstraps
[2018-05-09 11:31:34.738] [jointLog] [info] wrote 72 bootstraps
[2018-05-09 11:31:43.323] [jointLog] [info] wrote 73 bootstraps
[2018-05-09 11:31:45.847] [jointLog] [info] wrote 74 bootstraps
[2018-05-09 11:31:46.671] [jointLog] [info] wrote 75 bootstraps
[2018-05-09 11:31:49.764] [jointLog] [info] wrote 76 bootstraps
[2018-05-09 11:31:52.337] [jointLog] [info] wrote 77 bootstraps
[2018-05-09 11:31:53.357] [jointLog] [info] wrote 78 bootstraps
[2018-05-09 11:32:24.165] [jointLog] [info] wrote 79 bootstraps
[2018-05-09 11:32:26.231] [jointLog] [info] wrote 80 bootstraps
[2018-05-09 11:32:35.216] [jointLog] [info] wrote 81 bootstraps
[2018-05-09 11:32:35.925] [jointLog] [info] wrote 82 bootstraps
[2018-05-09 11:32:38.014] [jointLog] [info] wrote 83 bootstraps
[2018-05-09 11:32:41.610] [jointLog] [info] wrote 84 bootstraps
[2018-05-09 11:32:42.470] [jointLog] [info] wrote 85 bootstraps
[2018-05-09 11:33:10.139] [jointLog] [info] wrote 86 bootstraps
[2018-05-09 11:33:11.880] [jointLog] [info] wrote 87 bootstraps
[2018-05-09 11:33:25.330] [jointLog] [info] wrote 88 bootstraps
[2018-05-09 11:33:26.294] [jointLog] [info] wrote 89 bootstraps
[2018-05-09 11:33:27.040] [jointLog] [info] wrote 90 bootstraps
[2018-05-09 11:33:30.971] [jointLog] [info] wrote 91 bootstraps
[2018-05-09 11:33:32.365] [jointLog] [info] wrote 92 bootstraps
[2018-05-09 11:33:53.563] [jointLog] [info] wrote 93 bootstraps
[2018-05-09 11:34:03.047] [jointLog] [info] wrote 94 bootstraps
[2018-05-09 11:34:13.409] [jointLog] [info] wrote 95 bootstraps
[2018-05-09 11:34:15.104] [jointLog] [info] wrote 96 bootstraps
[2018-05-09 11:34:15.215] [jointLog] [info] wrote 97 bootstraps
[2018-05-09 11:34:18.835] [jointLog] [info] wrote 98 bootstraps
[2018-05-09 11:34:21.692] [jointLog] [info] wrote 99 bootstraps
[2018-05-09 11:34:37.400] [jointLog] [info] wrote 100 bootstraps
[2018-05-09 11:34:37.428] [jointLog] [info] Finished Bootstrapping
[2018-05-09 11:34:37.429] [jointLog] [warning] NOTE: Read Lib [( /c2d2/people/kn675/betsy_pownall/gideon_hughes/reads/trimmed/GH2_S37_L004_R1_001.fastq.gz, /c2d2/people/kn675/betsy_pownall/gideon_hughes/reads/trimmed/GH2_S37_L004_R2_001.fastq.gz )] :

Greater than 5% of the fragments disagreed with the provided library type; check the file: GH2/lib_format_counts.json for details

